<?xml version="1.0" encoding="UTF-8"?>
<testng-results skipped="0" failed="0" ignored="0" total="2" passed="2">
  <reporter-output>
  </reporter-output>
  <suite name="Default suite" duration-ms="13103" started-at="2021-10-03T21:07:02 IST" finished-at="2021-10-03T21:07:15 IST">
    <groups>
    </groups>
    <test name="Default test" duration-ms="13103" started-at="2021-10-03T21:07:02 IST" finished-at="2021-10-03T21:07:15 IST">
      <class name="com.LoginTest">
        <test-method status="PASS" signature="LoginTestWithValidCredentials()[pri:1, instance:com.LoginTest@2833cc44]" name="LoginTestWithValidCredentials" duration-ms="9293" started-at="2021-10-03T21:07:02 IST" finished-at="2021-10-03T21:07:11 IST">
          <reporter-output>
          </reporter-output>
        </test-method> <!-- LoginTestWithValidCredentials -->
        <test-method status="PASS" signature="LoginTestWithInvalidCredentials()[pri:2, instance:com.LoginTest@2833cc44]" name="LoginTestWithInvalidCredentials" duration-ms="3778" started-at="2021-10-03T21:07:11 IST" finished-at="2021-10-03T21:07:15 IST">
          <reporter-output>
          </reporter-output>
        </test-method> <!-- LoginTestWithInvalidCredentials -->
      </class> <!-- com.LoginTest -->
    </test> <!-- Default test -->
  </suite> <!-- Default suite -->
</testng-results>
